Build started 15/11/2020 7:06:54 CH.
     1>Project "D:\VS2010\TestBT\BTH3\BTH3\BTH3.vcxproj" on node 2 (build target(s)).
     1>InitializeBuildStatus:
         Touching "Debug\BTH3.unsuccessfulbuild".
       ClCompile:
         All outputs are up-to-date.
       Link:
         C:\Program Files (x86)\Microsoft Visual Studio 10.0\VC\bin\link.exe /ERRORREPORT:PROMPT /OUT:"D:\VS2010\TestBT\BTH3\Debug\BTH3.exe" /NOLOGO kernel32.lib user32.lib gdi32.lib winspool.lib comdlg32.lib advapi32.lib shell32.lib ole32.lib oleaut32.lib uuid.lib odbc32.lib odbccp32.lib /MANIFEST /ManifestFile:"Debug\BTH3.exe.intermediate.manifest" /MANIFESTUAC:"level='asInvoker' uiAccess='false'" /DEBUG /PDB:"D:\VS2010\TestBT\BTH3\Debug\BTH3.pdb" /TLBID:1 /DYNAMICBASE /NXCOMPAT /IMPLIB:"D:\VS2010\TestBT\BTH3\Debug\BTH3.lib" /MACHINE:X86 Debug\BTH3_BT01.obj
         Debug\BTH3_BT02.obj
         Debug\BTH3_BT03.obj
         Debug\BTH3_BT04.obj
         Debug\BTH3_BT05.obj
         Debug\BTH3_BT06.obj
         Debug\BTH3_BT07.obj
         Debug\BTH3_BT08.obj
         Debug\BTH3_BT09.obj
     1>BTH3_BT08.obj : error LNK2005: _main already defined in BTH3_BT06.obj
     1>D:\VS2010\TestBT\BTH3\Debug\BTH3.exe : fatal error LNK1169: one or more multiply defined symbols found
     1>Done Building Project "D:\VS2010\TestBT\BTH3\BTH3\BTH3.vcxproj" (build target(s)) -- FAILED.

Build FAILED.

Time Elapsed 00:00:00.11
