Build started 12/01/2022 10:15:53 CH.
     1>Project "D:\VS2010\TestBT\OperatingSystem\OperatingSystem\OperatingSystem.vcxproj" on node 2 (build target(s)).
     1>PrepareForBuild:
         Creating directory "D:\VS2010\TestBT\OperatingSystem\Debug\".
       InitializeBuildStatus:
         Creating "Debug\OperatingSystem.unsuccessfulbuild" because "AlwaysCreate" was specified.
       ClCompile:
         C:\Program Files (x86)\Microsoft Visual Studio 10.0\VC\bin\CL.exe /c /ZI /nologo /W3 /WX- /Od /Oy- /D _MBCS /Gm /EHsc /RTC1 /MDd /GS /fp:precise /Zc:wchar_t /Zc:forScope /Fo"Debug\\" /Fd"Debug\vc100.pdb" /Gd /TP /analyze- /errorReport:prompt FCFS.cpp
         FCFS.cpp
     1>d:\vs2010\testbt\operatingsystem\operatingsystem\fcfs.cpp(35): error C2057: expected constant expression
     1>d:\vs2010\testbt\operatingsystem\operatingsystem\fcfs.cpp(35): error C2466: cannot allocate an array of constant size 0
     1>d:\vs2010\testbt\operatingsystem\operatingsystem\fcfs.cpp(35): error C2133: 'wt' : unknown size
     1>d:\vs2010\testbt\operatingsystem\operatingsystem\fcfs.cpp(35): error C2057: expected constant expression
     1>d:\vs2010\testbt\operatingsystem\operatingsystem\fcfs.cpp(35): error C2466: cannot allocate an array of constant size 0
     1>d:\vs2010\testbt\operatingsystem\operatingsystem\fcfs.cpp(35): error C2133: 'tat' : unknown size
     1>Done Building Project "D:\VS2010\TestBT\OperatingSystem\OperatingSystem\OperatingSystem.vcxproj" (build target(s)) -- FAILED.

Build FAILED.

Time Elapsed 00:00:00.84
